<?xml version="1.0" encoding="UTF-8"?>
<!-- Generated by org.testng.reporters.JUnitReportReporter -->
<testsuite hostname="inbl01lap7208" failures="0" tests="1" name="TestCases.RegisterTest" time="45.885" errors="0" timestamp="2022-02-19T12:02:32 IST" skipped="0">
  <testcase classname="TestCases.RegisterTest" name="registerpatientdetails" time="45.885"/>
  <system-out/>
</testsuite> <!-- TestCases.RegisterTest -->
