<?xml version="1.0" encoding="UTF-8"?>
<!-- Generated by org.testng.reporters.JUnitReportReporter -->
<testsuite hostname="inbl01lap7208" failures="0" tests="2" name="TestCases.LoginPageTest" time="31.449" errors="0" timestamp="2022-02-19T12:02:32 IST" skipped="0">
  <testcase classname="TestCases.LoginPageTest" name="validateLoginPage" time="16.644"/>
  <system-out/>
  <testcase classname="TestCases.LoginPageTest" name="invalidvalidateLoginPage" time="14.805"/>
  <system-out/>
</testsuite> <!-- TestCases.LoginPageTest -->
