<?xml version="1.0" encoding="UTF-8"?>
<!-- Generated by org.testng.reporters.JUnitReportReporter -->
<testsuite hostname="inbl01lap7208" failures="0" tests="1" name="TestCases.HomePageTest" time="5.957" errors="0" timestamp="2022-02-19T12:02:32 IST" skipped="0">
  <testcase classname="TestCases.HomePageTest" name="validateRegistrationOfPatient" time="5.957"/>
  <system-out/>
</testsuite> <!-- TestCases.HomePageTest -->
